[db] using database at C:\supplier-system\supplier-backend\supplier.db
Checking database schema...
Rebuilding buyer-supplier access cache...
Access cache rebuilt: 0 entries
Ensuring default users exist...
Default accounts ensured: 10
[SECURITY] Using default JWT_SECRET! This is UNSAFE for production!
[SECURITY] Please set a strong JWT_SECRET in your .env file
[SECURITY] Generate one with: node -e "console.log(require('crypto').randomBytes(32).toString('hex'))"
[SECURITY]  WARNING: JWT_SECRET should be at least 32 characters long for security
[EmailService] SMTP credentials not configured in database or environment.
[17:10:08] [32mdebug[39m: Logger initialized {"service":"supplier-backend","environment":"development","logDir":"./logs","transports":["Console"]}
Server listening on http://localhost:3001
[scheduler] contract reminder job started
=== Running Scheduled Notification Tasks ===
[Document Expiry Check] Starting...
[Document Expiry Check] Created 0 notifications
[Profile Completion Check] Starting...
[Profile Completion Check] Skipped (requires compliance integration)
[Notification Cleanup] Starting...
[Notification Cleanup] Deleted 0 old notifications
=== Scheduled Tasks Complete ===
